<?xml version="1.0" encoding="UTF-8"?>
<!-- Generated by org.testng.reporters.JUnitXMLReporter -->
<testsuite ignored="16" hostname="RANI" failures="0" tests="12" name="functional" time="14.609" errors="0" timestamp="2023-04-21T13:27:15 IST">
  <testcase classname="testcases.LoginTestCases" name="verifyUser" time="1.387"/>
  <testcase classname="testcases.LoginTestCases" name="verifyUser" time="0.26"/>
  <testcase classname="testcases.LoginTestCases" name="verifyUser" time="0.676"/>
  <testcase classname="testcases.LoginTestCases" name="verifyUser" time="0.481"/>
  <testcase classname="testcases.SelectProductByNameTestCase" name="SelectProduct" time="0.582"/>
  <testcase classname="testcases.SelectProductByImageTestCase" name="SelectProduct" time="0.394"/>
  <testcase classname="testcases.YourCartTestCases" name="YourCart" time="0.514"/>
  <testcase classname="testcases.AddressAndContinueTestCases" name="AddressAndContinue" time="0.85"/>
  <testcase classname="testcases.TitleTestCase" name="Tiltle" time="0.119"/>
  <testcase classname="testcases.FilterByNameTestCase" name="FilterByName" time="0.6"/>
  <testcase classname="testcases.FilterByPriceTestCase" name="FilterByPrice" time="0.518"/>
  <testcase classname="testcases.DummyfailTest" name="FailTestExample" time="0.234"/>
  <testcase classname="utility.BaseClass" name="@AfterTest tear" time="0.0">
    <ignored/>
  </testcase> <!-- @AfterTest tear -->
  <testcase classname="utility.BaseClass" name="@AfterTest tear" time="0.0">
    <ignored/>
  </testcase> <!-- @AfterTest tear -->
  <testcase classname="utility.BaseClass" name="@AfterTest tear" time="0.0">
    <ignored/>
  </testcase> <!-- @AfterTest tear -->
  <testcase classname="utility.BaseClass" name="@AfterTest tear" time="0.0">
    <ignored/>
  </testcase> <!-- @AfterTest tear -->
  <testcase classname="utility.BaseClass" name="@AfterTest tear" time="0.0">
    <ignored/>
  </testcase> <!-- @AfterTest tear -->
  <testcase classname="utility.BaseClass" name="@AfterTest tear" time="0.0">
    <ignored/>
  </testcase> <!-- @AfterTest tear -->
  <testcase classname="utility.BaseClass" name="@AfterTest tear" time="0.0">
    <ignored/>
  </testcase> <!-- @AfterTest tear -->
  <testcase classname="utility.BaseClass" name="@AfterTest tear" time="0.0">
    <ignored/>
  </testcase> <!-- @AfterTest tear -->
  <testcase classname="utility.BaseClass" name="@BeforeTest setup" time="0.0">
    <ignored/>
  </testcase> <!-- @BeforeTest setup -->
  <testcase classname="utility.BaseClass" name="@BeforeTest setup" time="0.0">
    <ignored/>
  </testcase> <!-- @BeforeTest setup -->
  <testcase classname="utility.BaseClass" name="@BeforeTest setup" time="0.0">
    <ignored/>
  </testcase> <!-- @BeforeTest setup -->
  <testcase classname="utility.BaseClass" name="@BeforeTest setup" time="0.0">
    <ignored/>
  </testcase> <!-- @BeforeTest setup -->
  <testcase classname="utility.BaseClass" name="@BeforeTest setup" time="0.0">
    <ignored/>
  </testcase> <!-- @BeforeTest setup -->
  <testcase classname="utility.BaseClass" name="@BeforeTest setup" time="0.0">
    <ignored/>
  </testcase> <!-- @BeforeTest setup -->
  <testcase classname="utility.BaseClass" name="@BeforeTest setup" time="0.0">
    <ignored/>
  </testcase> <!-- @BeforeTest setup -->
  <testcase classname="utility.BaseClass" name="@BeforeTest setup" time="0.0">
    <ignored/>
  </testcase> <!-- @BeforeTest setup -->
</testsuite> <!-- functional -->
